<?xml version="1.0" encoding="UTF-8"?>
<testsuite xmlns:xsi="http://www.w3.org/2001/XMLSchema-instance" xsi:noNamespaceSchemaLocation="https://maven.apache.org/surefire/maven-surefire-plugin/xsd/surefire-test-report.xsd" version="3.0.2" name="alten.test.decathlon.GestionproduitApplicationTests" time="10.095" tests="1" errors="0" skipped="0" failures="0">
  <properties>
[...]
</properties>
  <testcase name="contextLoads" classname="alten.test.decathlon.GestionproduitApplicationTests" time="0.563">
    <system-out><![CDATA[09:03:13.217 [main] INFO org.springframework.test.context.support.AnnotationConfigContextLoaderUtils -- Could not detect default configuration classes for test class [alten.test.decathlon.GestionproduitApplicationTests]: GestionproduitApplicationTests does not declare any static, non-private, non-final, nested classes annotated with @Configuration.
09:03:13.504 [main] INFO org.springframework.boot.test.context.SpringBootTestContextBootstrapper -- Found @SpringBootConfiguration alten.test.decathlon.GestionproduitApplication for test class alten.test.decathlon.GestionproduitApplicationTests

  .   ____          _            __ _ _
 /\\ / ___'_ __ _ _(_)_ __  __ _ \ \ \ \
( ( )\___ | '_ | '_| | '_ \/ _` | \ \ \ \
 \\/  ___)| |_)| | | | | || (_| |  ) ) ) )
  '  |____| .__|_| |_|_| |_\__, | / / / /
 =========|_|==============|___/=/_/_/_/

 :: Spring Boot ::                (v3.5.6)

2025-09-29T09:03:14.588+02:00  INFO 85659 --- [gestionproduit] [           main] a.t.d.GestionproduitApplicationTests     : Starting GestionproduitApplicationTests using Java 25 with PID 85659 (started by hippolytepenet in /Users/hippolytepenet/Documents/project java/testaltenn)
2025-09-29T09:03:14.593+02:00  INFO 85659 --- [gestionproduit] [           main] a.t.d.GestionproduitApplicationTests     : No active profile set, falling back to 1 default profile: "default"
2025-09-29T09:03:16.347+02:00  INFO 85659 --- [gestionproduit] [           main] .s.d.r.c.RepositoryConfigurationDelegate : Bootstrapping Spring Data JPA repositories in DEFAULT mode.
2025-09-29T09:03:16.480+02:00  INFO 85659 --- [gestionproduit] [           main] .s.d.r.c.RepositoryConfigurationDelegate : Finished Spring Data repository scanning in 113 ms. Found 3 JPA repository interfaces.
2025-09-29T09:03:17.506+02:00  INFO 85659 --- [gestionproduit] [           main] o.hibernate.jpa.internal.util.LogHelper  : HHH000204: Processing PersistenceUnitInfo [name: default]
2025-09-29T09:03:17.612+02:00  INFO 85659 --- [gestionproduit] [           main] org.hibernate.Version                    : HHH000412: Hibernate ORM core version 6.6.29.Final
2025-09-29T09:03:17.677+02:00  INFO 85659 --- [gestionproduit] [           main] o.h.c.internal.RegionFactoryInitiator    : HHH000026: Second-level cache disabled
2025-09-29T09:03:18.130+02:00  INFO 85659 --- [gestionproduit] [           main] o.s.o.j.p.SpringPersistenceUnitInfo      : No LoadTimeWeaver setup: ignoring JPA class transformer
2025-09-29T09:03:18.194+02:00  INFO 85659 --- [gestionproduit] [           main] com.zaxxer.hikari.HikariDataSource       : HikariPool-1 - Starting...
2025-09-29T09:03:18.638+02:00  INFO 85659 --- [gestionproduit] [           main] com.zaxxer.hikari.pool.HikariPool        : HikariPool-1 - Added connection conn0: url=jdbc:h2:mem:product user=SA
2025-09-29T09:03:18.641+02:00  INFO 85659 --- [gestionproduit] [           main] com.zaxxer.hikari.HikariDataSource       : HikariPool-1 - Start completed.
2025-09-29T09:03:18.794+02:00  INFO 85659 --- [gestionproduit] [           main] org.hibernate.orm.connections.pooling    : HHH10001005: Database info:
	Database JDBC URL [Connecting through datasource 'HikariDataSource (HikariPool-1)']
	Database driver: undefined/unknown
	Database version: 2.3.232
	Autocommit mode: undefined/unknown
	Isolation level: undefined/unknown
	Minimum pool size: undefined/unknown
	Maximum pool size: undefined/unknown
2025-09-29T09:03:20.396+02:00  INFO 85659 --- [gestionproduit] [           main] o.h.e.t.j.p.i.JtaPlatformInitiator       : HHH000489: No JTA platform available (set 'hibernate.transaction.jta.platform' to enable JTA platform integration)
Hibernate: create table products (id bigint generated by default as identity, category varchar(255), code varchar(255), created_at timestamp(6) not null, description varchar(255), image varchar(255), internal_reference varchar(255), inventory_status varchar(255), name varchar(255), price float(53), quantity float(53), rating float(53), shell_id bigint not null, update_at timestamp(6) not null, primary key (id))
Hibernate: create table shoppingcart (id bigint generated by default as identity, user_id bigint not null, primary key (id))
Hibernate: create table shoppingcart_product (shoppingcart_id bigint not null, product_id bigint not null)
Hibernate: create table users (id bigint generated by default as identity, email varchar(255) not null, firstname varchar(255), password varchar(255), username varchar(255), primary key (id))
Hibernate: alter table if exists products drop constraint if exists UK57ivhy5aj3qfmdvl6vxdfjs4p
Hibernate: alter table if exists products add constraint UK57ivhy5aj3qfmdvl6vxdfjs4p unique (code)
Hibernate: alter table if exists shoppingcart drop constraint if exists UKj624um1iaujfg3d759gi2qtr8
Hibernate: alter table if exists shoppingcart add constraint UKj624um1iaujfg3d759gi2qtr8 unique (user_id)
Hibernate: alter table if exists users drop constraint if exists UK6dotkott2kjsp8vw4d0m25fb7
Hibernate: alter table if exists users add constraint UK6dotkott2kjsp8vw4d0m25fb7 unique (email)
Hibernate: alter table if exists shoppingcart add constraint FKm80irk6mona0chj8t3wi608lv foreign key (user_id) references users
Hibernate: alter table if exists shoppingcart_product add constraint FKtjyi1vj2vk9jxqqevcbdemqeu foreign key (product_id) references products
Hibernate: alter table if exists shoppingcart_product add constraint FKbicxaegjpeahak5qrdajrgxgd foreign key (shoppingcart_id) references shoppingcart
2025-09-29T09:03:20.550+02:00  INFO 85659 --- [gestionproduit] [           main] j.LocalContainerEntityManagerFactoryBean : Initialized JPA EntityManagerFactory for persistence unit 'default'
2025-09-29T09:03:21.326+02:00  WARN 85659 --- [gestionproduit] [           main] JpaBaseConfiguration$JpaWebConfiguration : spring.jpa.open-in-view is enabled by default. Therefore, database queries may be performed during view rendering. Explicitly configure spring.jpa.open-in-view to disable this warning
2025-09-29T09:03:22.208+02:00  INFO 85659 --- [gestionproduit] [           main] o.s.b.a.h2.H2ConsoleAutoConfiguration    : H2 console available at '/h2-console'. Database available at 'jdbc:h2:mem:product'
2025-09-29T09:03:22.367+02:00  INFO 85659 --- [gestionproduit] [           main] a.t.d.GestionproduitApplicationTests     : Started GestionproduitApplicationTests in 8.443 seconds (process running for 10.836)
]]></system-out>
    <system-err><![CDATA[Mockito is currently self-attaching to enable the inline-mock-maker. This will no longer work in future releases of the JDK. Please add Mockito as an agent to your build as described in Mockito's documentation: https://javadoc.io/doc/org.mockito/mockito-core/latest/org.mockito/org/mockito/Mockito.html#0.3
WARNING: A Java agent has been loaded dynamically (/Users/hippolytepenet/.m2/repository/net/bytebuddy/byte-buddy-agent/1.17.7/byte-buddy-agent-1.17.7.jar)
WARNING: If a serviceability tool is in use, please run with -XX:+EnableDynamicAgentLoading to hide this warning
WARNING: If a serviceability tool is not in use, please run with -Djdk.instrument.traceUsage for more information
WARNING: Dynamic loading of agents will be disallowed by default in a future release
]]></system-err>
  </testcase>
</testsuite>